<?xml version="1.0" encoding="UTF-8"?>
<!-- Generated by org.testng.reporters.JUnitReportReporter -->
<testsuite hostname="carmen.ncsa.uiuc.edu" name="org.nees.illinois.replay.injection.experiments.SimpleInjectionTest" tests="1" failures="0" timestamp="10 Jan 2013 15:23:24 GMT" time="0.392" errors="0">
  <testcase name="simpleInjectionTest" time="0.392" classname="org.nees.illinois.replay.injection.experiments.SimpleInjectionTest"/>
</testsuite> <!-- org.nees.illinois.replay.injection.experiments.SimpleInjectionTest -->
