<?xml version="1.0" encoding="UTF-8"?>
<!-- Generated by org.testng.reporters.JUnitReportReporter -->
<testsuite hostname="carmen.ncsa.uiuc.edu" name="org.nees.illinois.replay.injection.experiments.ProviderTest" tests="2" failures="0" timestamp="10 Jan 2013 20:20:14 GMT" time="0.340" errors="0">
  <testcase name="nuttyProviderTest" time="0.335" classname="org.nees.illinois.replay.injection.experiments.ProviderTest"/>
  <testcase name="simpleProviderTest" time="0.005" classname="org.nees.illinois.replay.injection.experiments.ProviderTest"/>
</testsuite> <!-- org.nees.illinois.replay.injection.experiments.ProviderTest -->
