<?xml version="1.0" encoding="UTF-8"?>
<!-- Generated by org.testng.reporters.JUnitReportReporter -->
<testsuite hostname="carmen.ncsa.uiuc.edu" name="org.nees.mustsim.replay.test.server.ResourcesTest" tests="3" failures="0" timestamp="1 Dec 2012 00:21:07 GMT" time="0.566" errors="0">
  <testcase name="testResourcesDaq" time="0.019" classname="org.nees.mustsim.replay.test.server.ResourcesTest"/>
  <testcase name="testQueryResource" time="0.535" classname="org.nees.mustsim.replay.test.server.ResourcesTest"/>
  <testcase name="testResourcesOm" time="0.012" classname="org.nees.mustsim.replay.test.server.ResourcesTest"/>
</testsuite> <!-- org.nees.mustsim.replay.test.server.ResourcesTest -->
