<?xml version="1.0" encoding="UTF-8"?>
<!-- Generated by org.testng.reporters.JUnitReportReporter -->
<testsuite hostname="carmen.ncsa.uiuc.edu" name="org.nees.illinois.replay.injection.experiments.ConstructionInjectionTest" tests="5" failures="0" timestamp="10 Jan 2013 19:18:25 GMT" time="0.363" errors="0">
  <testcase name="mixedCompositeInjectionTest" time="0.006" classname="org.nees.illinois.replay.injection.experiments.ConstructionInjectionTest"/>
  <testcase name="annotatedInjectionTest" time="0.335" classname="org.nees.illinois.replay.injection.experiments.ConstructionInjectionTest"/>
  <testcase name="complexInjectionTest" time="0.015" classname="org.nees.illinois.replay.injection.experiments.ConstructionInjectionTest"/>
  <testcase name="simpleInjectionTest" time="0.001" classname="org.nees.illinois.replay.injection.experiments.ConstructionInjectionTest"/>
  <testcase name="simpleCompositeInjectionTest" time="0.006" classname="org.nees.illinois.replay.injection.experiments.ConstructionInjectionTest"/>
</testsuite> <!-- org.nees.illinois.replay.injection.experiments.ConstructionInjectionTest -->
